sniffing on eth0
got a packet
###[ Ethernet ]###
  dst       = 08:00:00:00:02:02
  src       = 08:00:00:00:02:00
  type      = 0x800
###[ IP ]###
     version   = 4L
     ihl       = 5L
     tos       = 0xc9
     len       = 35
     id        = 1
     flags     = 
     frag      = 0L
     ttl       = 62
     proto     = udp
     chksum    = 0x64fe
     src       = 10.0.1.1
     dst       = 10.0.2.2
     \options   \
###[ UDP ]###
        sport     = 1234
        dport     = 4321
        len       = 15
        chksum    = 0x8946
###[ Raw ]###
           load      = 'QoS UDP'
got a packet
###[ Ethernet ]###
  dst       = 08:00:00:00:02:00
  src       = 08:00:00:00:02:02
  type      = 0x800
###[ IP ]###
     version   = 4L
     ihl       = 5L
     tos       = 0xc8
     len       = 63
     id        = 55128
     flags     = 
     frag      = 0L
     ttl       = 64
     proto     = icmp
     chksum    = 0x8b9b
     src       = 10.0.2.2
     dst       = 10.0.1.1
     \options   \
###[ ICMP ]###
        type      = dest-unreach
        code      = port-unreachable
        chksum    = 0x1420
        unused    = 0
###[ IP in ICMP ]###
           version   = 4L
           ihl       = 5L
           tos       = 0xc9
           len       = 35
           id        = 1
           flags     = 
           frag      = 0L
           ttl       = 62
           proto     = udp
           chksum    = 0x64fe
           src       = 10.0.1.1
           dst       = 10.0.2.2
           \options   \
###[ UDP in ICMP ]###
              sport     = 1234
              dport     = 4321
              len       = 15
              chksum    = 0x8946
###[ Raw ]###
                 load      = 'QoS UDP'
got a packet
###[ Ethernet ]###
  dst       = 08:00:00:00:02:02
  src       = 08:00:00:00:02:00
  type      = 0x800
###[ IP ]###
     version   = 4L
     ihl       = 5L
     tos       = 0xc9
     len       = 35
     id        = 1
     flags     = 
     frag      = 0L
     ttl       = 62
     proto     = udp
     chksum    = 0x64fe
     src       = 10.0.1.1
     dst       = 10.0.2.2
     \options   \
###[ UDP ]###
        sport     = 1234
        dport     = 4321
        len       = 15
        chksum    = 0x8946
###[ Raw ]###
           load      = 'QoS UDP'
got a packet
###[ Ethernet ]###
  dst       = 08:00:00:00:02:00
  src       = 08:00:00:00:02:02
  type      = 0x800
###[ IP ]###
     version   = 4L
     ihl       = 5L
     tos       = 0xc8
     len       = 63
     id        = 55190
     flags     = 
     frag      = 0L
     ttl       = 64
     proto     = icmp
     chksum    = 0x8b5d
     src       = 10.0.2.2
     dst       = 10.0.1.1
     \options   \
###[ ICMP ]###
        type      = dest-unreach
        code      = port-unreachable
        chksum    = 0x1420
        unused    = 0
###[ IP in ICMP ]###
           version   = 4L
           ihl       = 5L
           tos       = 0xc9
           len       = 35
           id        = 1
           flags     = 
           frag      = 0L
           ttl       = 62
           proto     = udp
           chksum    = 0x64fe
           src       = 10.0.1.1
           dst       = 10.0.2.2
           \options   \
###[ UDP in ICMP ]###
              sport     = 1234
              dport     = 4321
              len       = 15
              chksum    = 0x8946
###[ Raw ]###
                 load      = 'QoS UDP'
got a packet
###[ Ethernet ]###
  dst       = 08:00:00:00:02:02
  src       = 08:00:00:00:02:00
  type      = 0x800
###[ IP ]###
     version   = 4L
     ihl       = 5L
     tos       = 0xc9
     len       = 35
     id        = 1
     flags     = 
     frag      = 0L
     ttl       = 62
     proto     = udp
     chksum    = 0x64fe
     src       = 10.0.1.1
     dst       = 10.0.2.2
     \options   \
###[ UDP ]###
        sport     = 1234
        dport     = 4321
        len       = 15
        chksum    = 0x8946
###[ Raw ]###
           load      = 'QoS UDP'
got a packet
###[ Ethernet ]###
  dst       = 08:00:00:00:02:00
  src       = 08:00:00:00:02:02
  type      = 0x800
###[ IP ]###
     version   = 4L
     ihl       = 5L
     tos       = 0xc8
     len       = 63
     id        = 55368
     flags     = 
     frag      = 0L
     ttl       = 64
     proto     = icmp
     chksum    = 0x8aab
     src       = 10.0.2.2
     dst       = 10.0.1.1
     \options   \
###[ ICMP ]###
        type      = dest-unreach
        code      = port-unreachable
        chksum    = 0x1420
        unused    = 0
###[ IP in ICMP ]###
           version   = 4L
           ihl       = 5L
           tos       = 0xc9
           len       = 35
           id        = 1
           flags     = 
           frag      = 0L
           ttl       = 62
           proto     = udp
           chksum    = 0x64fe
           src       = 10.0.1.1
           dst       = 10.0.2.2
           \options   \
###[ UDP in ICMP ]###
              sport     = 1234
              dport     = 4321
              len       = 15
              chksum    = 0x8946
###[ Raw ]###
                 load      = 'QoS UDP'
got a packet
###[ Ethernet ]###
  dst       = 08:00:00:00:02:02
  src       = 08:00:00:00:02:00
  type      = 0x800
###[ IP ]###
     version   = 4L
     ihl       = 5L
     tos       = 0xc9
     len       = 35
     id        = 1
     flags     = 
     frag      = 0L
     ttl       = 62
     proto     = udp
     chksum    = 0x64fe
     src       = 10.0.1.1
     dst       = 10.0.2.2
     \options   \
###[ UDP ]###
        sport     = 1234
        dport     = 4321
        len       = 15
        chksum    = 0x8946
###[ Raw ]###
           load      = 'QoS UDP'
got a packet
###[ Ethernet ]###
  dst       = 08:00:00:00:02:00
  src       = 08:00:00:00:02:02
  type      = 0x800
###[ IP ]###
     version   = 4L
     ihl       = 5L
     tos       = 0xc8
     len       = 63
     id        = 55591
     flags     = 
     frag      = 0L
     ttl       = 64
     proto     = icmp
     chksum    = 0x89cc
     src       = 10.0.2.2
     dst       = 10.0.1.1
     \options   \
###[ ICMP ]###
        type      = dest-unreach
        code      = port-unreachable
        chksum    = 0x1420
        unused    = 0
###[ IP in ICMP ]###
           version   = 4L
           ihl       = 5L
           tos       = 0xc9
           len       = 35
           id        = 1
           flags     = 
           frag      = 0L
           ttl       = 62
           proto     = udp
           chksum    = 0x64fe
           src       = 10.0.1.1
           dst       = 10.0.2.2
           \options   \
###[ UDP in ICMP ]###
              sport     = 1234
              dport     = 4321
              len       = 15
              chksum    = 0x8946
###[ Raw ]###
                 load      = 'QoS UDP'
got a packet
###[ Ethernet ]###
  dst       = 08:00:00:00:02:02
  src       = 08:00:00:00:02:00
  type      = 0x800
###[ IP ]###
     version   = 4L
     ihl       = 5L
     tos       = 0xc9
     len       = 35
     id        = 1
     flags     = 
     frag      = 0L
     ttl       = 62
     proto     = udp
     chksum    = 0x64fe
     src       = 10.0.1.1
     dst       = 10.0.2.2
     \options   \
###[ UDP ]###
        sport     = 1234
        dport     = 4321
        len       = 15
        chksum    = 0x8946
###[ Raw ]###
           load      = 'QoS UDP'
got a packet
###[ Ethernet ]###
  dst       = 08:00:00:00:02:00
  src       = 08:00:00:00:02:02
  type      = 0x800
###[ IP ]###
     version   = 4L
     ihl       = 5L
     tos       = 0xc8
     len       = 63
     id        = 55624
     flags     = 
     frag      = 0L
     ttl       = 64
     proto     = icmp
     chksum    = 0x89ab
     src       = 10.0.2.2
     dst       = 10.0.1.1
     \options   \
###[ ICMP ]###
        type      = dest-unreach
        code      = port-unreachable
        chksum    = 0x1420
        unused    = 0
###[ IP in ICMP ]###
           version   = 4L
           ihl       = 5L
           tos       = 0xc9
           len       = 35
           id        = 1
           flags     = 
           frag      = 0L
           ttl       = 62
           proto     = udp
           chksum    = 0x64fe
           src       = 10.0.1.1
           dst       = 10.0.2.2
           \options   \
###[ UDP in ICMP ]###
              sport     = 1234
              dport     = 4321
              len       = 15
              chksum    = 0x8946
###[ Raw ]###
                 load      = 'QoS UDP'
got a packet
###[ Ethernet ]###
  dst       = 08:00:00:00:02:02
  src       = 08:00:00:00:02:00
  type      = 0x800
###[ IP ]###
     version   = 4L
     ihl       = 5L
     tos       = 0xc9
     len       = 35
     id        = 1
     flags     = 
     frag      = 0L
     ttl       = 62
     proto     = udp
     chksum    = 0x64fe
     src       = 10.0.1.1
     dst       = 10.0.2.2
     \options   \
###[ UDP ]###
        sport     = 1234
        dport     = 4321
        len       = 15
        chksum    = 0x8946
###[ Raw ]###
           load      = 'QoS UDP'
got a packet
###[ Ethernet ]###
  dst       = 08:00:00:00:02:00
  src       = 08:00:00:00:02:02
  type      = 0x800
###[ IP ]###
     version   = 4L
     ihl       = 5L
     tos       = 0xc8
     len       = 63
     id        = 55732
     flags     = 
     frag      = 0L
     ttl       = 64
     proto     = icmp
     chksum    = 0x893f
     src       = 10.0.2.2
     dst       = 10.0.1.1
     \options   \
###[ ICMP ]###
        type      = dest-unreach
        code      = port-unreachable
        chksum    = 0x1420
        unused    = 0
###[ IP in ICMP ]###
           version   = 4L
           ihl       = 5L
           tos       = 0xc9
           len       = 35
           id        = 1
           flags     = 
           frag      = 0L
           ttl       = 62
           proto     = udp
           chksum    = 0x64fe
           src       = 10.0.1.1
           dst       = 10.0.2.2
           \options   \
###[ UDP in ICMP ]###
              sport     = 1234
              dport     = 4321
              len       = 15
              chksum    = 0x8946
###[ Raw ]###
                 load      = 'QoS UDP'
got a packet
###[ Ethernet ]###
  dst       = 08:00:00:00:02:02
  src       = 08:00:00:00:02:00
  type      = 0x800
###[ IP ]###
     version   = 4L
     ihl       = 5L
     tos       = 0xc9
     len       = 35
     id        = 1
     flags     = 
     frag      = 0L
     ttl       = 62
     proto     = udp
     chksum    = 0x64fe
     src       = 10.0.1.1
     dst       = 10.0.2.2
     \options   \
###[ UDP ]###
        sport     = 1234
        dport     = 4321
        len       = 15
        chksum    = 0x8946
###[ Raw ]###
           load      = 'QoS UDP'
got a packet
###[ Ethernet ]###
  dst       = 08:00:00:00:02:00
  src       = 08:00:00:00:02:02
  type      = 0x800
###[ IP ]###
     version   = 4L
     ihl       = 5L
     tos       = 0xc8
     len       = 63
     id        = 55886
     flags     = 
     frag      = 0L
     ttl       = 64
     proto     = icmp
     chksum    = 0x88a5
     src       = 10.0.2.2
     dst       = 10.0.1.1
     \options   \
###[ ICMP ]###
        type      = dest-unreach
        code      = port-unreachable
        chksum    = 0x1420
        unused    = 0
###[ IP in ICMP ]###
           version   = 4L
           ihl       = 5L
           tos       = 0xc9
           len       = 35
           id        = 1
           flags     = 
           frag      = 0L
           ttl       = 62
           proto     = udp
           chksum    = 0x64fe
           src       = 10.0.1.1
           dst       = 10.0.2.2
           \options   \
###[ UDP in ICMP ]###
              sport     = 1234
              dport     = 4321
              len       = 15
              chksum    = 0x8946
###[ Raw ]###
                 load      = 'QoS UDP'
got a packet
###[ Ethernet ]###
  dst       = 08:00:00:00:02:02
  src       = 08:00:00:00:02:00
  type      = 0x800
###[ IP ]###
     version   = 4L
     ihl       = 5L
     tos       = 0xc9
     len       = 35
     id        = 1
     flags     = 
     frag      = 0L
     ttl       = 62
     proto     = udp
     chksum    = 0x64fe
     src       = 10.0.1.1
     dst       = 10.0.2.2
     \options   \
###[ UDP ]###
        sport     = 1234
        dport     = 4321
        len       = 15
        chksum    = 0x8946
###[ Raw ]###
           load      = 'QoS UDP'
got a packet
###[ Ethernet ]###
  dst       = 08:00:00:00:02:00
  src       = 08:00:00:00:02:02
  type      = 0x800
###[ IP ]###
     version   = 4L
     ihl       = 5L
     tos       = 0xc8
     len       = 63
     id        = 55933
     flags     = 
     frag      = 0L
     ttl       = 64
     proto     = icmp
     chksum    = 0x8876
     src       = 10.0.2.2
     dst       = 10.0.1.1
     \options   \
###[ ICMP ]###
        type      = dest-unreach
        code      = port-unreachable
        chksum    = 0x1420
        unused    = 0
###[ IP in ICMP ]###
           version   = 4L
           ihl       = 5L
           tos       = 0xc9
           len       = 35
           id        = 1
           flags     = 
           frag      = 0L
           ttl       = 62
           proto     = udp
           chksum    = 0x64fe
           src       = 10.0.1.1
           dst       = 10.0.2.2
           \options   \
###[ UDP in ICMP ]###
              sport     = 1234
              dport     = 4321
              len       = 15
              chksum    = 0x8946
###[ Raw ]###
                 load      = 'QoS UDP'
got a packet
###[ Ethernet ]###
  dst       = 08:00:00:00:02:02
  src       = 08:00:00:00:02:00
  type      = 0x800
###[ IP ]###
     version   = 4L
     ihl       = 5L
     tos       = 0xc9
     len       = 35
     id        = 1
     flags     = 
     frag      = 0L
     ttl       = 62
     proto     = udp
     chksum    = 0x64fe
     src       = 10.0.1.1
     dst       = 10.0.2.2
     \options   \
###[ UDP ]###
        sport     = 1234
        dport     = 4321
        len       = 15
        chksum    = 0x8946
###[ Raw ]###
           load      = 'QoS UDP'
got a packet
###[ Ethernet ]###
  dst       = 08:00:00:00:02:00
  src       = 08:00:00:00:02:02
  type      = 0x800
###[ IP ]###
     version   = 4L
     ihl       = 5L
     tos       = 0xc8
     len       = 63
     id        = 56141
     flags     = 
     frag      = 0L
     ttl       = 64
     proto     = icmp
     chksum    = 0x87a6
     src       = 10.0.2.2
     dst       = 10.0.1.1
     \options   \
###[ ICMP ]###
        type      = dest-unreach
        code      = port-unreachable
        chksum    = 0x1420
        unused    = 0
###[ IP in ICMP ]###
           version   = 4L
           ihl       = 5L
           tos       = 0xc9
           len       = 35
           id        = 1
           flags     = 
           frag      = 0L
           ttl       = 62
           proto     = udp
           chksum    = 0x64fe
           src       = 10.0.1.1
           dst       = 10.0.2.2
           \options   \
###[ UDP in ICMP ]###
              sport     = 1234
              dport     = 4321
              len       = 15
              chksum    = 0x8946
###[ Raw ]###
                 load      = 'QoS UDP'
got a packet
###[ Ethernet ]###
  dst       = 08:00:00:00:02:02
  src       = 08:00:00:00:02:00
  type      = 0x800
###[ IP ]###
     version   = 4L
     ihl       = 5L
     tos       = 0xc9
     len       = 35
     id        = 1
     flags     = 
     frag      = 0L
     ttl       = 62
     proto     = udp
     chksum    = 0x64fe
     src       = 10.0.1.1
     dst       = 10.0.2.2
     \options   \
###[ UDP ]###
        sport     = 1234
        dport     = 4321
        len       = 15
        chksum    = 0x8946
###[ Raw ]###
           load      = 'QoS UDP'
got a packet
###[ Ethernet ]###
  dst       = 08:00:00:00:02:00
  src       = 08:00:00:00:02:02
  type      = 0x800
###[ IP ]###
     version   = 4L
     ihl       = 5L
     tos       = 0xc8
     len       = 63
     id        = 56313
     flags     = 
     frag      = 0L
     ttl       = 64
     proto     = icmp
     chksum    = 0x86fa
     src       = 10.0.2.2
     dst       = 10.0.1.1
     \options   \
###[ ICMP ]###
        type      = dest-unreach
        code      = port-unreachable
        chksum    = 0x1420
        unused    = 0
###[ IP in ICMP ]###
           version   = 4L
           ihl       = 5L
           tos       = 0xc9
           len       = 35
           id        = 1
           flags     = 
           frag      = 0L
           ttl       = 62
           proto     = udp
           chksum    = 0x64fe
           src       = 10.0.1.1
           dst       = 10.0.2.2
           \options   \
###[ UDP in ICMP ]###
              sport     = 1234
              dport     = 4321
              len       = 15
              chksum    = 0x8946
###[ Raw ]###
                 load      = 'QoS UDP'
got a packet
###[ Ethernet ]###
  dst       = 08:00:00:00:02:02
  src       = 08:00:00:00:02:00
  type      = 0x800
###[ IP ]###
     version   = 4L
     ihl       = 5L
     tos       = 0xc9
     len       = 35
     id        = 1
     flags     = 
     frag      = 0L
     ttl       = 62
     proto     = udp
     chksum    = 0x64fe
     src       = 10.0.1.1
     dst       = 10.0.2.2
     \options   \
###[ UDP ]###
        sport     = 1234
        dport     = 4321
        len       = 15
        chksum    = 0x8946
###[ Raw ]###
           load      = 'QoS UDP'
got a packet
###[ Ethernet ]###
  dst       = 08:00:00:00:02:00
  src       = 08:00:00:00:02:02
  type      = 0x800
###[ IP ]###
     version   = 4L
     ihl       = 5L
     tos       = 0xc8
     len       = 63
     id        = 56339
     flags     = 
     frag      = 0L
     ttl       = 64
     proto     = icmp
     chksum    = 0x86e0
     src       = 10.0.2.2
     dst       = 10.0.1.1
     \options   \
###[ ICMP ]###
        type      = dest-unreach
        code      = port-unreachable
        chksum    = 0x1420
        unused    = 0
###[ IP in ICMP ]###
           version   = 4L
           ihl       = 5L
           tos       = 0xc9
           len       = 35
           id        = 1
           flags     = 
           frag      = 0L
           ttl       = 62
           proto     = udp
           chksum    = 0x64fe
           src       = 10.0.1.1
           dst       = 10.0.2.2
           \options   \
###[ UDP in ICMP ]###
              sport     = 1234
              dport     = 4321
              len       = 15
              chksum    = 0x8946
###[ Raw ]###
                 load      = 'QoS UDP'
got a packet
###[ Ethernet ]###
  dst       = 08:00:00:00:02:02
  src       = 08:00:00:00:02:00
  type      = 0x800
###[ IP ]###
     version   = 4L
     ihl       = 5L
     tos       = 0xc9
     len       = 35
     id        = 1
     flags     = 
     frag      = 0L
     ttl       = 62
     proto     = udp
     chksum    = 0x64fe
     src       = 10.0.1.1
     dst       = 10.0.2.2
     \options   \
###[ UDP ]###
        sport     = 1234
        dport     = 4321
        len       = 15
        chksum    = 0x8946
###[ Raw ]###
           load      = 'QoS UDP'
got a packet
###[ Ethernet ]###
  dst       = 08:00:00:00:02:00
  src       = 08:00:00:00:02:02
  type      = 0x800
###[ IP ]###
     version   = 4L
     ihl       = 5L
     tos       = 0xc8
     len       = 63
     id        = 56513
     flags     = 
     frag      = 0L
     ttl       = 64
     proto     = icmp
     chksum    = 0x8632
     src       = 10.0.2.2
     dst       = 10.0.1.1
     \options   \
###[ ICMP ]###
        type      = dest-unreach
        code      = port-unreachable
        chksum    = 0x1420
        unused    = 0
###[ IP in ICMP ]###
           version   = 4L
           ihl       = 5L
           tos       = 0xc9
           len       = 35
           id        = 1
           flags     = 
           frag      = 0L
           ttl       = 62
           proto     = udp
           chksum    = 0x64fe
           src       = 10.0.1.1
           dst       = 10.0.2.2
           \options   \
###[ UDP in ICMP ]###
              sport     = 1234
              dport     = 4321
              len       = 15
              chksum    = 0x8946
###[ Raw ]###
                 load      = 'QoS UDP'
got a packet
###[ Ethernet ]###
  dst       = 08:00:00:00:02:02
  src       = 08:00:00:00:02:00
  type      = 0x800
###[ IP ]###
     version   = 4L
     ihl       = 5L
     tos       = 0xc9
     len       = 35
     id        = 1
     flags     = 
     frag      = 0L
     ttl       = 62
     proto     = udp
     chksum    = 0x64fe
     src       = 10.0.1.1
     dst       = 10.0.2.2
     \options   \
###[ UDP ]###
        sport     = 1234
        dport     = 4321
        len       = 15
        chksum    = 0x8946
###[ Raw ]###
           load      = 'QoS UDP'
got a packet
###[ Ethernet ]###
  dst       = 08:00:00:00:02:00
  src       = 08:00:00:00:02:02
  type      = 0x800
###[ IP ]###
     version   = 4L
     ihl       = 5L
     tos       = 0xc8
     len       = 63
     id        = 56572
     flags     = 
     frag      = 0L
     ttl       = 64
     proto     = icmp
     chksum    = 0x85f7
     src       = 10.0.2.2
     dst       = 10.0.1.1
     \options   \
###[ ICMP ]###
        type      = dest-unreach
        code      = port-unreachable
        chksum    = 0x1420
        unused    = 0
###[ IP in ICMP ]###
           version   = 4L
           ihl       = 5L
           tos       = 0xc9
           len       = 35
           id        = 1
           flags     = 
           frag      = 0L
           ttl       = 62
           proto     = udp
           chksum    = 0x64fe
           src       = 10.0.1.1
           dst       = 10.0.2.2
           \options   \
###[ UDP in ICMP ]###
              sport     = 1234
              dport     = 4321
              len       = 15
              chksum    = 0x8946
###[ Raw ]###
                 load      = 'QoS UDP'
got a packet
###[ Ethernet ]###
  dst       = 08:00:00:00:02:02
  src       = 08:00:00:00:02:00
  type      = 0x800
###[ IP ]###
     version   = 4L
     ihl       = 5L
     tos       = 0xc9
     len       = 35
     id        = 1
     flags     = 
     frag      = 0L
     ttl       = 62
     proto     = udp
     chksum    = 0x64fe
     src       = 10.0.1.1
     dst       = 10.0.2.2
     \options   \
###[ UDP ]###
        sport     = 1234
        dport     = 4321
        len       = 15
        chksum    = 0x8946
###[ Raw ]###
           load      = 'QoS UDP'
got a packet
###[ Ethernet ]###
  dst       = 08:00:00:00:02:00
  src       = 08:00:00:00:02:02
  type      = 0x800
###[ IP ]###
     version   = 4L
     ihl       = 5L
     tos       = 0xc8
     len       = 63
     id        = 56737
     flags     = 
     frag      = 0L
     ttl       = 64
     proto     = icmp
     chksum    = 0x8552
     src       = 10.0.2.2
     dst       = 10.0.1.1
     \options   \
###[ ICMP ]###
        type      = dest-unreach
        code      = port-unreachable
        chksum    = 0x1420
        unused    = 0
###[ IP in ICMP ]###
           version   = 4L
           ihl       = 5L
           tos       = 0xc9
           len       = 35
           id        = 1
           flags     = 
           frag      = 0L
           ttl       = 62
           proto     = udp
           chksum    = 0x64fe
           src       = 10.0.1.1
           dst       = 10.0.2.2
           \options   \
###[ UDP in ICMP ]###
              sport     = 1234
              dport     = 4321
              len       = 15
              chksum    = 0x8946
###[ Raw ]###
                 load      = 'QoS UDP'
got a packet
###[ Ethernet ]###
  dst       = 08:00:00:00:02:02
  src       = 08:00:00:00:02:00
  type      = 0x800
###[ IP ]###
     version   = 4L
     ihl       = 5L
     tos       = 0xc9
     len       = 35
     id        = 1
     flags     = 
     frag      = 0L
     ttl       = 62
     proto     = udp
     chksum    = 0x64fe
     src       = 10.0.1.1
     dst       = 10.0.2.2
     \options   \
###[ UDP ]###
        sport     = 1234
        dport     = 4321
        len       = 15
        chksum    = 0x8946
###[ Raw ]###
           load      = 'QoS UDP'
got a packet
###[ Ethernet ]###
  dst       = 08:00:00:00:02:00
  src       = 08:00:00:00:02:02
  type      = 0x800
###[ IP ]###
     version   = 4L
     ihl       = 5L
     tos       = 0xc8
     len       = 63
     id        = 56824
     flags     = 
     frag      = 0L
     ttl       = 64
     proto     = icmp
     chksum    = 0x84fb
     src       = 10.0.2.2
     dst       = 10.0.1.1
     \options   \
###[ ICMP ]###
        type      = dest-unreach
        code      = port-unreachable
        chksum    = 0x1420
        unused    = 0
###[ IP in ICMP ]###
           version   = 4L
           ihl       = 5L
           tos       = 0xc9
           len       = 35
           id        = 1
           flags     = 
           frag      = 0L
           ttl       = 62
           proto     = udp
           chksum    = 0x64fe
           src       = 10.0.1.1
           dst       = 10.0.2.2
           \options   \
###[ UDP in ICMP ]###
              sport     = 1234
              dport     = 4321
              len       = 15
              chksum    = 0x8946
###[ Raw ]###
                 load      = 'QoS UDP'
got a packet
###[ Ethernet ]###
  dst       = 08:00:00:00:02:02
  src       = 08:00:00:00:02:00
  type      = 0x800
###[ IP ]###
     version   = 4L
     ihl       = 5L
     tos       = 0xc9
     len       = 35
     id        = 1
     flags     = 
     frag      = 0L
     ttl       = 62
     proto     = udp
     chksum    = 0x64fe
     src       = 10.0.1.1
     dst       = 10.0.2.2
     \options   \
###[ UDP ]###
        sport     = 1234
        dport     = 4321
        len       = 15
        chksum    = 0x8946
###[ Raw ]###
           load      = 'QoS UDP'
got a packet
###[ Ethernet ]###
  dst       = 08:00:00:00:02:00
  src       = 08:00:00:00:02:02
  type      = 0x800
###[ IP ]###
     version   = 4L
     ihl       = 5L
     tos       = 0xc8
     len       = 63
     id        = 56870
     flags     = 
     frag      = 0L
     ttl       = 64
     proto     = icmp
     chksum    = 0x84cd
     src       = 10.0.2.2
     dst       = 10.0.1.1
     \options   \
###[ ICMP ]###
        type      = dest-unreach
        code      = port-unreachable
        chksum    = 0x1420
        unused    = 0
###[ IP in ICMP ]###
           version   = 4L
           ihl       = 5L
           tos       = 0xc9
           len       = 35
           id        = 1
           flags     = 
           frag      = 0L
           ttl       = 62
           proto     = udp
           chksum    = 0x64fe
           src       = 10.0.1.1
           dst       = 10.0.2.2
           \options   \
###[ UDP in ICMP ]###
              sport     = 1234
              dport     = 4321
              len       = 15
              chksum    = 0x8946
###[ Raw ]###
                 load      = 'QoS UDP'
got a packet
###[ Ethernet ]###
  dst       = 08:00:00:00:02:02
  src       = 08:00:00:00:02:00
  type      = 0x800
###[ IP ]###
     version   = 4L
     ihl       = 5L
     tos       = 0xc9
     len       = 35
     id        = 1
     flags     = 
     frag      = 0L
     ttl       = 62
     proto     = udp
     chksum    = 0x64fe
     src       = 10.0.1.1
     dst       = 10.0.2.2
     \options   \
###[ UDP ]###
        sport     = 1234
        dport     = 4321
        len       = 15
        chksum    = 0x8946
###[ Raw ]###
           load      = 'QoS UDP'
got a packet
###[ Ethernet ]###
  dst       = 08:00:00:00:02:00
  src       = 08:00:00:00:02:02
  type      = 0x800
###[ IP ]###
     version   = 4L
     ihl       = 5L
     tos       = 0xc8
     len       = 63
     id        = 57059
     flags     = 
     frag      = 0L
     ttl       = 64
     proto     = icmp
     chksum    = 0x8410
     src       = 10.0.2.2
     dst       = 10.0.1.1
     \options   \
###[ ICMP ]###
        type      = dest-unreach
        code      = port-unreachable
        chksum    = 0x1420
        unused    = 0
###[ IP in ICMP ]###
           version   = 4L
           ihl       = 5L
           tos       = 0xc9
           len       = 35
           id        = 1
           flags     = 
           frag      = 0L
           ttl       = 62
           proto     = udp
           chksum    = 0x64fe
           src       = 10.0.1.1
           dst       = 10.0.2.2
           \options   \
###[ UDP in ICMP ]###
              sport     = 1234
              dport     = 4321
              len       = 15
              chksum    = 0x8946
###[ Raw ]###
                 load      = 'QoS UDP'
got a packet
###[ Ethernet ]###
  dst       = 08:00:00:00:02:02
  src       = 08:00:00:00:02:00
  type      = 0x800
###[ IP ]###
     version   = 4L
     ihl       = 5L
     tos       = 0xc9
     len       = 35
     id        = 1
     flags     = 
     frag      = 0L
     ttl       = 62
     proto     = udp
     chksum    = 0x64fe
     src       = 10.0.1.1
     dst       = 10.0.2.2
     \options   \
###[ UDP ]###
        sport     = 1234
        dport     = 4321
        len       = 15
        chksum    = 0x8946
###[ Raw ]###
           load      = 'QoS UDP'
got a packet
###[ Ethernet ]###
  dst       = 08:00:00:00:02:00
  src       = 08:00:00:00:02:02
  type      = 0x800
###[ IP ]###
     version   = 4L
     ihl       = 5L
     tos       = 0xc8
     len       = 63
     id        = 57147
     flags     = 
     frag      = 0L
     ttl       = 64
     proto     = icmp
     chksum    = 0x83b8
     src       = 10.0.2.2
     dst       = 10.0.1.1
     \options   \
###[ ICMP ]###
        type      = dest-unreach
        code      = port-unreachable
        chksum    = 0x1420
        unused    = 0
###[ IP in ICMP ]###
           version   = 4L
           ihl       = 5L
           tos       = 0xc9
           len       = 35
           id        = 1
           flags     = 
           frag      = 0L
           ttl       = 62
           proto     = udp
           chksum    = 0x64fe
           src       = 10.0.1.1
           dst       = 10.0.2.2
           \options   \
###[ UDP in ICMP ]###
              sport     = 1234
              dport     = 4321
              len       = 15
              chksum    = 0x8946
###[ Raw ]###
                 load      = 'QoS UDP'
got a packet
###[ Ethernet ]###
  dst       = 08:00:00:00:02:02
  src       = 08:00:00:00:02:00
  type      = 0x800
###[ IP ]###
     version   = 4L
     ihl       = 5L
     tos       = 0xc9
     len       = 35
     id        = 1
     flags     = 
     frag      = 0L
     ttl       = 62
     proto     = udp
     chksum    = 0x64fe
     src       = 10.0.1.1
     dst       = 10.0.2.2
     \options   \
###[ UDP ]###
        sport     = 1234
        dport     = 4321
        len       = 15
        chksum    = 0x8946
###[ Raw ]###
           load      = 'QoS UDP'
got a packet
###[ Ethernet ]###
  dst       = 08:00:00:00:02:00
  src       = 08:00:00:00:02:02
  type      = 0x800
###[ IP ]###
     version   = 4L
     ihl       = 5L
     tos       = 0xc8
     len       = 63
     id        = 57355
     flags     = 
     frag      = 0L
     ttl       = 64
     proto     = icmp
     chksum    = 0x82e8
     src       = 10.0.2.2
     dst       = 10.0.1.1
     \options   \
###[ ICMP ]###
        type      = dest-unreach
        code      = port-unreachable
        chksum    = 0x1420
        unused    = 0
###[ IP in ICMP ]###
           version   = 4L
           ihl       = 5L
           tos       = 0xc9
           len       = 35
           id        = 1
           flags     = 
           frag      = 0L
           ttl       = 62
           proto     = udp
           chksum    = 0x64fe
           src       = 10.0.1.1
           dst       = 10.0.2.2
           \options   \
###[ UDP in ICMP ]###
              sport     = 1234
              dport     = 4321
              len       = 15
              chksum    = 0x8946
###[ Raw ]###
                 load      = 'QoS UDP'
got a packet
###[ Ethernet ]###
  dst       = 08:00:00:00:02:02
  src       = 08:00:00:00:02:00
  type      = 0x800
###[ IP ]###
     version   = 4L
     ihl       = 5L
     tos       = 0xc9
     len       = 35
     id        = 1
     flags     = 
     frag      = 0L
     ttl       = 62
     proto     = udp
     chksum    = 0x64fe
     src       = 10.0.1.1
     dst       = 10.0.2.2
     \options   \
###[ UDP ]###
        sport     = 1234
        dport     = 4321
        len       = 15
        chksum    = 0x8946
###[ Raw ]###
           load      = 'QoS UDP'
got a packet
###[ Ethernet ]###
  dst       = 08:00:00:00:02:00
  src       = 08:00:00:00:02:02
  type      = 0x800
###[ IP ]###
     version   = 4L
     ihl       = 5L
     tos       = 0xc8
     len       = 63
     id        = 57381
     flags     = 
     frag      = 0L
     ttl       = 64
     proto     = icmp
     chksum    = 0x82ce
     src       = 10.0.2.2
     dst       = 10.0.1.1
     \options   \
###[ ICMP ]###
        type      = dest-unreach
        code      = port-unreachable
        chksum    = 0x1420
        unused    = 0
###[ IP in ICMP ]###
           version   = 4L
           ihl       = 5L
           tos       = 0xc9
           len       = 35
           id        = 1
           flags     = 
           frag      = 0L
           ttl       = 62
           proto     = udp
           chksum    = 0x64fe
           src       = 10.0.1.1
           dst       = 10.0.2.2
           \options   \
###[ UDP in ICMP ]###
              sport     = 1234
              dport     = 4321
              len       = 15
              chksum    = 0x8946
###[ Raw ]###
                 load      = 'QoS UDP'
got a packet
###[ Ethernet ]###
  dst       = 08:00:00:00:02:02
  src       = 08:00:00:00:02:00
  type      = 0x800
###[ IP ]###
     version   = 4L
     ihl       = 5L
     tos       = 0xc9
     len       = 35
     id        = 1
     flags     = 
     frag      = 0L
     ttl       = 62
     proto     = udp
     chksum    = 0x64fe
     src       = 10.0.1.1
     dst       = 10.0.2.2
     \options   \
###[ UDP ]###
        sport     = 1234
        dport     = 4321
        len       = 15
        chksum    = 0x8946
###[ Raw ]###
           load      = 'QoS UDP'
got a packet
###[ Ethernet ]###
  dst       = 08:00:00:00:02:00
  src       = 08:00:00:00:02:02
  type      = 0x800
###[ IP ]###
     version   = 4L
     ihl       = 5L
     tos       = 0xc8
     len       = 63
     id        = 57591
     flags     = 
     frag      = 0L
     ttl       = 64
     proto     = icmp
     chksum    = 0x81fc
     src       = 10.0.2.2
     dst       = 10.0.1.1
     \options   \
###[ ICMP ]###
        type      = dest-unreach
        code      = port-unreachable
        chksum    = 0x1420
        unused    = 0
###[ IP in ICMP ]###
           version   = 4L
           ihl       = 5L
           tos       = 0xc9
           len       = 35
           id        = 1
           flags     = 
           frag      = 0L
           ttl       = 62
           proto     = udp
           chksum    = 0x64fe
           src       = 10.0.1.1
           dst       = 10.0.2.2
           \options   \
###[ UDP in ICMP ]###
              sport     = 1234
              dport     = 4321
              len       = 15
              chksum    = 0x8946
###[ Raw ]###
                 load      = 'QoS UDP'
got a packet
###[ Ethernet ]###
  dst       = 08:00:00:00:02:02
  src       = 08:00:00:00:02:00
  type      = 0x800
###[ IP ]###
     version   = 4L
     ihl       = 5L
     tos       = 0xc9
     len       = 35
     id        = 1
     flags     = 
     frag      = 0L
     ttl       = 62
     proto     = udp
     chksum    = 0x64fe
     src       = 10.0.1.1
     dst       = 10.0.2.2
     \options   \
###[ UDP ]###
        sport     = 1234
        dport     = 4321
        len       = 15
        chksum    = 0x8946
###[ Raw ]###
           load      = 'QoS UDP'
got a packet
###[ Ethernet ]###
  dst       = 08:00:00:00:02:00
  src       = 08:00:00:00:02:02
  type      = 0x800
###[ IP ]###
     version   = 4L
     ihl       = 5L
     tos       = 0xc8
     len       = 63
     id        = 57603
     flags     = 
     frag      = 0L
     ttl       = 64
     proto     = icmp
     chksum    = 0x81f0
     src       = 10.0.2.2
     dst       = 10.0.1.1
     \options   \
###[ ICMP ]###
        type      = dest-unreach
        code      = port-unreachable
        chksum    = 0x1420
        unused    = 0
###[ IP in ICMP ]###
           version   = 4L
           ihl       = 5L
           tos       = 0xc9
           len       = 35
           id        = 1
           flags     = 
           frag      = 0L
           ttl       = 62
           proto     = udp
           chksum    = 0x64fe
           src       = 10.0.1.1
           dst       = 10.0.2.2
           \options   \
###[ UDP in ICMP ]###
              sport     = 1234
              dport     = 4321
              len       = 15
              chksum    = 0x8946
###[ Raw ]###
                 load      = 'QoS UDP'
got a packet
###[ Ethernet ]###
  dst       = 08:00:00:00:02:02
  src       = 08:00:00:00:02:00
  type      = 0x800
###[ IP ]###
     version   = 4L
     ihl       = 5L
     tos       = 0xc9
     len       = 35
     id        = 1
     flags     = 
     frag      = 0L
     ttl       = 62
     proto     = udp
     chksum    = 0x64fe
     src       = 10.0.1.1
     dst       = 10.0.2.2
     \options   \
###[ UDP ]###
        sport     = 1234
        dport     = 4321
        len       = 15
        chksum    = 0x8946
###[ Raw ]###
           load      = 'QoS UDP'
got a packet
###[ Ethernet ]###
  dst       = 08:00:00:00:02:00
  src       = 08:00:00:00:02:02
  type      = 0x800
###[ IP ]###
     version   = 4L
     ihl       = 5L
     tos       = 0xc8
     len       = 63
     id        = 57685
     flags     = 
     frag      = 0L
     ttl       = 64
     proto     = icmp
     chksum    = 0x819e
     src       = 10.0.2.2
     dst       = 10.0.1.1
     \options   \
###[ ICMP ]###
        type      = dest-unreach
        code      = port-unreachable
        chksum    = 0x1420
        unused    = 0
###[ IP in ICMP ]###
           version   = 4L
           ihl       = 5L
           tos       = 0xc9
           len       = 35
           id        = 1
           flags     = 
           frag      = 0L
           ttl       = 62
           proto     = udp
           chksum    = 0x64fe
           src       = 10.0.1.1
           dst       = 10.0.2.2
           \options   \
###[ UDP in ICMP ]###
              sport     = 1234
              dport     = 4321
              len       = 15
              chksum    = 0x8946
###[ Raw ]###
                 load      = 'QoS UDP'
got a packet
###[ Ethernet ]###
  dst       = 08:00:00:00:02:02
  src       = 08:00:00:00:02:00
  type      = 0x800
###[ IP ]###
     version   = 4L
     ihl       = 5L
     tos       = 0xc9
     len       = 35
     id        = 1
     flags     = 
     frag      = 0L
     ttl       = 62
     proto     = udp
     chksum    = 0x64fe
     src       = 10.0.1.1
     dst       = 10.0.2.2
     \options   \
###[ UDP ]###
        sport     = 1234
        dport     = 4321
        len       = 15
        chksum    = 0x8946
###[ Raw ]###
           load      = 'QoS UDP'
got a packet
###[ Ethernet ]###
  dst       = 08:00:00:00:02:00
  src       = 08:00:00:00:02:02
  type      = 0x800
###[ IP ]###
     version   = 4L
     ihl       = 5L
     tos       = 0xc8
     len       = 63
     id        = 57709
     flags     = 
     frag      = 0L
     ttl       = 64
     proto     = icmp
     chksum    = 0x8186
     src       = 10.0.2.2
     dst       = 10.0.1.1
     \options   \
###[ ICMP ]###
        type      = dest-unreach
        code      = port-unreachable
        chksum    = 0x1420
        unused    = 0
###[ IP in ICMP ]###
           version   = 4L
           ihl       = 5L
           tos       = 0xc9
           len       = 35
           id        = 1
           flags     = 
           frag      = 0L
           ttl       = 62
           proto     = udp
           chksum    = 0x64fe
           src       = 10.0.1.1
           dst       = 10.0.2.2
           \options   \
###[ UDP in ICMP ]###
              sport     = 1234
              dport     = 4321
              len       = 15
              chksum    = 0x8946
###[ Raw ]###
                 load      = 'QoS UDP'
got a packet
###[ Ethernet ]###
  dst       = 08:00:00:00:02:02
  src       = 08:00:00:00:02:00
  type      = 0x800
###[ IP ]###
     version   = 4L
     ihl       = 5L
     tos       = 0xc9
     len       = 35
     id        = 1
     flags     = 
     frag      = 0L
     ttl       = 62
     proto     = udp
     chksum    = 0x64fe
     src       = 10.0.1.1
     dst       = 10.0.2.2
     \options   \
###[ UDP ]###
        sport     = 1234
        dport     = 4321
        len       = 15
        chksum    = 0x8946
###[ Raw ]###
           load      = 'QoS UDP'
got a packet
###[ Ethernet ]###
  dst       = 08:00:00:00:02:00
  src       = 08:00:00:00:02:02
  type      = 0x800
###[ IP ]###
     version   = 4L
     ihl       = 5L
     tos       = 0xc8
     len       = 63
     id        = 57811
     flags     = 
     frag      = 0L
     ttl       = 64
     proto     = icmp
     chksum    = 0x8120
     src       = 10.0.2.2
     dst       = 10.0.1.1
     \options   \
###[ ICMP ]###
        type      = dest-unreach
        code      = port-unreachable
        chksum    = 0x1420
        unused    = 0
###[ IP in ICMP ]###
           version   = 4L
           ihl       = 5L
           tos       = 0xc9
           len       = 35
           id        = 1
           flags     = 
           frag      = 0L
           ttl       = 62
           proto     = udp
           chksum    = 0x64fe
           src       = 10.0.1.1
           dst       = 10.0.2.2
           \options   \
###[ UDP in ICMP ]###
              sport     = 1234
              dport     = 4321
              len       = 15
              chksum    = 0x8946
###[ Raw ]###
                 load      = 'QoS UDP'
got a packet
###[ Ethernet ]###
  dst       = 08:00:00:00:02:02
  src       = 08:00:00:00:02:00
  type      = 0x800
###[ IP ]###
     version   = 4L
     ihl       = 5L
     tos       = 0xc9
     len       = 35
     id        = 1
     flags     = 
     frag      = 0L
     ttl       = 62
     proto     = udp
     chksum    = 0x64fe
     src       = 10.0.1.1
     dst       = 10.0.2.2
     \options   \
###[ UDP ]###
        sport     = 1234
        dport     = 4321
        len       = 15
        chksum    = 0x8946
###[ Raw ]###
           load      = 'QoS UDP'
got a packet
###[ Ethernet ]###
  dst       = 08:00:00:00:02:00
  src       = 08:00:00:00:02:02
  type      = 0x800
###[ IP ]###
     version   = 4L
     ihl       = 5L
     tos       = 0xc8
     len       = 63
     id        = 57957
     flags     = 
     frag      = 0L
     ttl       = 64
     proto     = icmp
     chksum    = 0x808e
     src       = 10.0.2.2
     dst       = 10.0.1.1
     \options   \
###[ ICMP ]###
        type      = dest-unreach
        code      = port-unreachable
        chksum    = 0x1420
        unused    = 0
###[ IP in ICMP ]###
           version   = 4L
           ihl       = 5L
           tos       = 0xc9
           len       = 35
           id        = 1
           flags     = 
           frag      = 0L
           ttl       = 62
           proto     = udp
           chksum    = 0x64fe
           src       = 10.0.1.1
           dst       = 10.0.2.2
           \options   \
###[ UDP in ICMP ]###
              sport     = 1234
              dport     = 4321
              len       = 15
              chksum    = 0x8946
###[ Raw ]###
                 load      = 'QoS UDP'
got a packet
###[ Ethernet ]###
  dst       = 08:00:00:00:02:02
  src       = 08:00:00:00:02:00
  type      = 0x800
###[ IP ]###
     version   = 4L
     ihl       = 5L
     tos       = 0xc9
     len       = 35
     id        = 1
     flags     = 
     frag      = 0L
     ttl       = 62
     proto     = udp
     chksum    = 0x64fe
     src       = 10.0.1.1
     dst       = 10.0.2.2
     \options   \
###[ UDP ]###
        sport     = 1234
        dport     = 4321
        len       = 15
        chksum    = 0x8946
###[ Raw ]###
           load      = 'QoS UDP'
got a packet
###[ Ethernet ]###
  dst       = 08:00:00:00:02:00
  src       = 08:00:00:00:02:02
  type      = 0x800
###[ IP ]###
     version   = 4L
     ihl       = 5L
     tos       = 0xc8
     len       = 63
     id        = 58132
     flags     = 
     frag      = 0L
     ttl       = 64
     proto     = icmp
     chksum    = 0x7fdf
     src       = 10.0.2.2
     dst       = 10.0.1.1
     \options   \
###[ ICMP ]###
        type      = dest-unreach
        code      = port-unreachable
        chksum    = 0x1420
        unused    = 0
###[ IP in ICMP ]###
           version   = 4L
           ihl       = 5L
           tos       = 0xc9
           len       = 35
           id        = 1
           flags     = 
           frag      = 0L
           ttl       = 62
           proto     = udp
           chksum    = 0x64fe
           src       = 10.0.1.1
           dst       = 10.0.2.2
           \options   \
###[ UDP in ICMP ]###
              sport     = 1234
              dport     = 4321
              len       = 15
              chksum    = 0x8946
###[ Raw ]###
                 load      = 'QoS UDP'
got a packet
###[ Ethernet ]###
  dst       = 08:00:00:00:02:02
  src       = 08:00:00:00:02:00
  type      = 0x800
###[ IP ]###
     version   = 4L
     ihl       = 5L
     tos       = 0xc9
     len       = 35
     id        = 1
     flags     = 
     frag      = 0L
     ttl       = 62
     proto     = udp
     chksum    = 0x64fe
     src       = 10.0.1.1
     dst       = 10.0.2.2
     \options   \
###[ UDP ]###
        sport     = 1234
        dport     = 4321
        len       = 15
        chksum    = 0x8946
###[ Raw ]###
           load      = 'QoS UDP'
got a packet
###[ Ethernet ]###
  dst       = 08:00:00:00:02:00
  src       = 08:00:00:00:02:02
  type      = 0x800
###[ IP ]###
     version   = 4L
     ihl       = 5L
     tos       = 0xc8
     len       = 63
     id        = 58310
     flags     = 
     frag      = 0L
     ttl       = 64
     proto     = icmp
     chksum    = 0x7f2d
     src       = 10.0.2.2
     dst       = 10.0.1.1
     \options   \
###[ ICMP ]###
        type      = dest-unreach
        code      = port-unreachable
        chksum    = 0x1420
        unused    = 0
###[ IP in ICMP ]###
           version   = 4L
           ihl       = 5L
           tos       = 0xc9
           len       = 35
           id        = 1
           flags     = 
           frag      = 0L
           ttl       = 62
           proto     = udp
           chksum    = 0x64fe
           src       = 10.0.1.1
           dst       = 10.0.2.2
           \options   \
###[ UDP in ICMP ]###
              sport     = 1234
              dport     = 4321
              len       = 15
              chksum    = 0x8946
###[ Raw ]###
                 load      = 'QoS UDP'
got a packet
###[ Ethernet ]###
  dst       = 08:00:00:00:02:02
  src       = 08:00:00:00:02:00
  type      = 0x800
###[ IP ]###
     version   = 4L
     ihl       = 5L
     tos       = 0xc9
     len       = 35
     id        = 1
     flags     = 
     frag      = 0L
     ttl       = 62
     proto     = udp
     chksum    = 0x64fe
     src       = 10.0.1.1
     dst       = 10.0.2.2
     \options   \
###[ UDP ]###
        sport     = 1234
        dport     = 4321
        len       = 15
        chksum    = 0x8946
###[ Raw ]###
           load      = 'QoS UDP'
got a packet
###[ Ethernet ]###
  dst       = 08:00:00:00:02:00
  src       = 08:00:00:00:02:02
  type      = 0x800
###[ IP ]###
     version   = 4L
     ihl       = 5L
     tos       = 0xc8
     len       = 63
     id        = 58381
     flags     = 
     frag      = 0L
     ttl       = 64
     proto     = icmp
     chksum    = 0x7ee6
     src       = 10.0.2.2
     dst       = 10.0.1.1
     \options   \
###[ ICMP ]###
        type      = dest-unreach
        code      = port-unreachable
        chksum    = 0x1420
        unused    = 0
###[ IP in ICMP ]###
           version   = 4L
           ihl       = 5L
           tos       = 0xc9
           len       = 35
           id        = 1
           flags     = 
           frag      = 0L
           ttl       = 62
           proto     = udp
           chksum    = 0x64fe
           src       = 10.0.1.1
           dst       = 10.0.2.2
           \options   \
###[ UDP in ICMP ]###
              sport     = 1234
              dport     = 4321
              len       = 15
              chksum    = 0x8946
###[ Raw ]###
                 load      = 'QoS UDP'
got a packet
###[ Ethernet ]###
  dst       = 08:00:00:00:02:02
  src       = 08:00:00:00:02:00
  type      = 0x800
###[ IP ]###
     version   = 4L
     ihl       = 5L
     tos       = 0xc9
     len       = 35
     id        = 1
     flags     = 
     frag      = 0L
     ttl       = 62
     proto     = udp
     chksum    = 0x64fe
     src       = 10.0.1.1
     dst       = 10.0.2.2
     \options   \
###[ UDP ]###
        sport     = 1234
        dport     = 4321
        len       = 15
        chksum    = 0x8946
###[ Raw ]###
           load      = 'QoS UDP'
got a packet
###[ Ethernet ]###
  dst       = 08:00:00:00:02:00
  src       = 08:00:00:00:02:02
  type      = 0x800
###[ IP ]###
     version   = 4L
     ihl       = 5L
     tos       = 0xc8
     len       = 63
     id        = 58504
     flags     = 
     frag      = 0L
     ttl       = 64
     proto     = icmp
     chksum    = 0x7e6b
     src       = 10.0.2.2
     dst       = 10.0.1.1
     \options   \
###[ ICMP ]###
        type      = dest-unreach
        code      = port-unreachable
        chksum    = 0x1420
        unused    = 0
###[ IP in ICMP ]###
           version   = 4L
           ihl       = 5L
           tos       = 0xc9
           len       = 35
           id        = 1
           flags     = 
           frag      = 0L
           ttl       = 62
           proto     = udp
           chksum    = 0x64fe
           src       = 10.0.1.1
           dst       = 10.0.2.2
           \options   \
###[ UDP in ICMP ]###
              sport     = 1234
              dport     = 4321
              len       = 15
              chksum    = 0x8946
###[ Raw ]###
                 load      = 'QoS UDP'
