sniffing on eth0
got a packet
###[ Ethernet ]###
  dst       = ff:ff:ff:ff:ff:ff
  src       = 08:00:00:00:01:11
  type      = 0x800
###[ IP ]###
     version   = 4L
     ihl       = 5L
     tos       = 0x0
     len       = 28
     id        = 1
     flags     = 
     frag      = 0L
     ttl       = 59
     proto     = udp
     chksum    = 0x63ce
     src       = 10.0.1.1
     dst       = 10.0.2.2
     \options   \
###[ UDP ]###
        sport     = 1234
        dport     = 4321
        len       = 8
        chksum    = 0xd328
got a packet
###[ Ethernet ]###
  dst       = ff:ff:ff:ff:ff:ff
  src       = 08:00:00:00:01:11
  type      = 0x800
###[ IP ]###
     version   = 4L
     ihl       = 5L
     tos       = 0x0
     len       = 28
     id        = 1
     flags     = 
     frag      = 0L
     ttl       = 59
     proto     = udp
     chksum    = 0x63ce
     src       = 10.0.1.1
     dst       = 10.0.2.2
     \options   \
###[ UDP ]###
        sport     = 1234
        dport     = 4321
        len       = 8
        chksum    = 0xd328
got a packet
###[ Ethernet ]###
  dst       = ff:ff:ff:ff:ff:ff
  src       = 08:00:00:00:01:11
  type      = 0x800
###[ IP ]###
     version   = 4L
     ihl       = 5L
     tos       = 0x0
     len       = 28
     id        = 1
     flags     = 
     frag      = 0L
     ttl       = 62
     proto     = udp
     chksum    = 0x63ce
     src       = 10.0.1.1
     dst       = 10.0.2.2
     \options   \
###[ UDP ]###
        sport     = 1234
        dport     = 4321
        len       = 8
        chksum    = 0xd328
